C:\Users\Tiit\Google Drive\Dev\VC\CPUUsageVC10\CPUUsageVC10\Debug\cl.command.1.tlog
C:\Users\Tiit\Google Drive\Dev\VC\CPUUsageVC10\CPUUsageVC10\Debug\CL.read.1.tlog
C:\Users\Tiit\Google Drive\Dev\VC\CPUUsageVC10\CPUUsageVC10\Debug\CL.write.1.tlog
C:\Users\Tiit\Google Drive\Dev\VC\CPUUsageVC10\CPUUsageVC10\Debug\CPUUsageVC10.exe.embed.manifest
C:\USERS\TIIT\GOOGLE DRIVE\DEV\VC\CPUUSAGEVC10\CPUUSAGEVC10\DEBUG\CPUUSAGEVC10.EXE.EMBED.MANIFEST.RES
C:\USERS\TIIT\GOOGLE DRIVE\DEV\VC\CPUUSAGEVC10\CPUUSAGEVC10\DEBUG\CPUUSAGEVC10.OBJ
C:\USERS\TIIT\GOOGLE DRIVE\DEV\VC\CPUUSAGEVC10\CPUUSAGEVC10\DEBUG\CPUUSAGEVC10.PCH
C:\Users\Tiit\Google Drive\Dev\VC\CPUUsageVC10\CPUUsageVC10\Debug\CPUUsageVC10.vcxprojResolveAssemblyReference.cache
C:\Users\Tiit\Google Drive\Dev\VC\CPUUsageVC10\CPUUsageVC10\Debug\CPUUsageVC10.write.1.tlog
C:\Users\Tiit\Google Drive\Dev\VC\CPUUsageVC10\CPUUsageVC10\Debug\CPUUsageVC10_manifest.rc
C:\Users\Tiit\Google Drive\Dev\VC\CPUUsageVC10\CPUUsageVC10\Debug\link.command.1.tlog
C:\Users\Tiit\Google Drive\Dev\VC\CPUUsageVC10\CPUUsageVC10\Debug\link.read.1.tlog
C:\Users\Tiit\Google Drive\Dev\VC\CPUUsageVC10\CPUUsageVC10\Debug\link.write.1.tlog
C:\Users\Tiit\Google Drive\Dev\VC\CPUUsageVC10\CPUUsageVC10\Debug\rc.command.1.tlog
C:\Users\Tiit\Google Drive\Dev\VC\CPUUsageVC10\CPUUsageVC10\Debug\rc.read.1.tlog
C:\Users\Tiit\Google Drive\Dev\VC\CPUUsageVC10\CPUUsageVC10\Debug\rc.write.1.tlog
C:\USERS\TIIT\GOOGLE DRIVE\DEV\VC\CPUUSAGEVC10\CPUUSAGEVC10\DEBUG\SERIAL.OBJ
C:\USERS\TIIT\GOOGLE DRIVE\DEV\VC\CPUUSAGEVC10\CPUUSAGEVC10\DEBUG\STDAFX.OBJ
C:\Users\Tiit\Google Drive\Dev\VC\CPUUsageVC10\CPUUsageVC10\Debug\vc100.idb
C:\USERS\TIIT\GOOGLE DRIVE\DEV\VC\CPUUSAGEVC10\CPUUSAGEVC10\DEBUG\VC100.PDB
