C:\Users\Tiit\Google Drive\Dev\VC\PCStatus\PCStatus\Release\cl.command.1.tlog
C:\Users\Tiit\Google Drive\Dev\VC\PCStatus\PCStatus\Release\CL.read.1.tlog
C:\Users\Tiit\Google Drive\Dev\VC\PCStatus\PCStatus\Release\CL.write.1.tlog
C:\Users\Tiit\Google Drive\Dev\VC\PCStatus\PCStatus\Release\link.command.1.tlog
C:\Users\Tiit\Google Drive\Dev\VC\PCStatus\PCStatus\Release\link.read.1.tlog
C:\Users\Tiit\Google Drive\Dev\VC\PCStatus\PCStatus\Release\link.write.1.tlog
C:\Users\Tiit\Google Drive\Dev\VC\PCStatus\PCStatus\Release\link-cvtres.read.1.tlog
C:\Users\Tiit\Google Drive\Dev\VC\PCStatus\PCStatus\Release\link-cvtres.write.1.tlog
C:\Users\Tiit\Google Drive\Dev\VC\PCStatus\PCStatus\Release\mt.command.1.tlog
C:\Users\Tiit\Google Drive\Dev\VC\PCStatus\PCStatus\Release\mt.read.1.tlog
C:\Users\Tiit\Google Drive\Dev\VC\PCStatus\PCStatus\Release\mt.write.1.tlog
C:\USERS\TIIT\GOOGLE DRIVE\DEV\VC\PCSTATUS\PCSTATUS\RELEASE\PCSTATUS.ARCH32BIT.RELEASE.EXE.INTERMEDIATE.MANIFEST
C:\USERS\TIIT\GOOGLE DRIVE\DEV\VC\PCSTATUS\PCSTATUS\RELEASE\PCSTATUS.OBJ
C:\Users\Tiit\Google Drive\Dev\VC\PCStatus\PCStatus\Release\rc.command.1.tlog
C:\Users\Tiit\Google Drive\Dev\VC\PCStatus\PCStatus\Release\rc.read.1.tlog
C:\Users\Tiit\Google Drive\Dev\VC\PCStatus\PCStatus\Release\rc.write.1.tlog
C:\USERS\TIIT\GOOGLE DRIVE\DEV\VC\PCSTATUS\PCSTATUS\RELEASE\RESOURCE.RES
C:\USERS\TIIT\GOOGLE DRIVE\DEV\VC\PCSTATUS\PCSTATUS\RELEASE\SERIAL.OBJ
C:\USERS\TIIT\GOOGLE DRIVE\DEV\VC\PCSTATUS\PCSTATUS\RELEASE\VC100.PDB
C:\USERS\TIIT\GOOGLE DRIVE\DEV\VC\PCSTATUS\RELEASE\PCSTATUS.ARCH32BIT.RELEASE.EXE
C:\USERS\TIIT\GOOGLE DRIVE\DEV\VC\PCSTATUS\RELEASE\PCSTATUS.ARCH32BIT.RELEASE.PDB
