Build started 18.11.2013 19:53:18.
     1>Project "C:\Users\Tiit\Google Drive\Dev\VC\CPUUsageVC10\CPUUsageVC10\CPUUsageVC10.vcxproj" on node 2 (rebuild target(s)).
     1>_PrepareForClean:
         Deleting file "Release\CPUUsageVC10.lastbuildstate".
       InitializeBuildStatus:
         Touching "Release\CPUUsageVC10.unsuccessfulbuild".
       ClCompile:
         C:\Program Files (x86)\Microsoft Visual Studio 10.0\VC\bin\CL.exe /c /Zi /nologo /W3 /WX- /O2 /Oi /Oy- /GL /D WIN32 /D NDEBUG /D _CONSOLE /D _MBCS /Gm- /EHsc /MD /GS /Gy /fp:precise /Zc:wchar_t /Zc:forScope /Yc"StdAfx.h" /Fp"Release\CPUUsageVC10.pch" /Fo"Release\\" /Fd"Release\vc100.pdb" /Gd /TP /analyze- /errorReport:prompt stdafx.cpp
         stdafx.cpp
         C:\Program Files (x86)\Microsoft Visual Studio 10.0\VC\bin\CL.exe /c /Zi /nologo /W3 /WX- /O2 /Oi /Oy- /GL /D WIN32 /D NDEBUG /D _CONSOLE /D _MBCS /Gm- /EHsc /MD /GS /Gy /fp:precise /Zc:wchar_t /Zc:forScope /Yu"StdAfx.h" /Fp"Release\CPUUsageVC10.pch" /Fo"Release\\" /Fd"Release\vc100.pdb" /Gd /TP /analyze- /errorReport:prompt CPUUsageVC10.cpp Serial.cpp
         CPUUsageVC10.cpp
     1>CPUUsageVC10.cpp(115): warning C4244: 'initializing' : conversion from 'DWORDLONG' to 'int', possible loss of data
         Serial.cpp
       Link:
         C:\Program Files (x86)\Microsoft Visual Studio 10.0\VC\bin\link.exe /ERRORREPORT:PROMPT /OUT:"C:\Users\Tiit\Google Drive\Dev\VC\CPUUsageVC10\Release\CPUUsageVC10.exe" /INCREMENTAL:NO /NOLOGO Pdh.lib kernel32.lib user32.lib gdi32.lib winspool.lib comdlg32.lib advapi32.lib shell32.lib ole32.lib oleaut32.lib uuid.lib odbc32.lib odbccp32.lib /MANIFEST /ManifestFile:"Release\CPUUsageVC10.exe.intermediate.manifest" /MANIFESTUAC:"level='asInvoker' uiAccess='false'" /DEBUG /PDB:"C:\Users\Tiit\Google Drive\Dev\VC\CPUUsageVC10\Release\CPUUsageVC10.pdb" /SUBSYSTEM:CONSOLE /OPT:REF /OPT:ICF /LTCG /TLBID:1 /DYNAMICBASE /NXCOMPAT /IMPLIB:"C:\Users\Tiit\Google Drive\Dev\VC\CPUUsageVC10\Release\CPUUsageVC10.lib" /MACHINE:X86 Release\CPUUsageVC10.obj
         Release\Serial.obj
         Release\stdafx.obj
         Generating code
         Finished generating code
         CPUUsageVC10.vcxproj -> C:\Users\Tiit\Google Drive\Dev\VC\CPUUsageVC10\Release\CPUUsageVC10.exe
       Manifest:
         C:\Program Files (x86)\Microsoft SDKs\Windows\v7.0A\bin\mt.exe /nologo /verbose /outputresource:"C:\Users\Tiit\Google Drive\Dev\VC\CPUUsageVC10\Release\CPUUsageVC10.exe;#1" /manifest Release\CPUUsageVC10.exe.intermediate.manifest
       FinalizeBuildStatus:
         Deleting file "Release\CPUUsageVC10.unsuccessfulbuild".
         Touching "Release\CPUUsageVC10.lastbuildstate".
     1>Done Building Project "C:\Users\Tiit\Google Drive\Dev\VC\CPUUsageVC10\CPUUsageVC10\CPUUsageVC10.vcxproj" (rebuild target(s)).

Build succeeded.

Time Elapsed 00:00:01.74
